<?xml version="1.0" encoding="UTF-8"?>
<!-- Generated by org.testng.reporters.JUnitReportReporter -->
<testsuite hostname="DESKTOP-88991P0" failures="0" tests="2" name="webTestCases.clientPanel.promoFlow.Campaign_SaveAs_Draft" time="1.217" errors="1" timestamp="2022-06-03T15:11:03 PKT" skipped="1">
  <testcase classname="webTestCases.clientPanel.promoFlow.Campaign_SaveAs_Draft" name="initialize" time="1.217">
    <error message="session not created: This version of ChromeDriver only supports Chrome version 100
Current browser version is 102.0.5005.63 with binary path C:\Program Files\Google\Chrome\Application\chrome.exe
Build info: version: &#039;3.141.59&#039;, revision: &#039;e82be7d358&#039;, time: &#039;2018-11-14T08:17:03&#039;
System info: host: &#039;DESKTOP-88991P0&#039;, ip: &#039;192.168.18.28&#039;, os.name: &#039;Windows 10&#039;, os.arch: &#039;amd64&#039;, os.version: &#039;10.0&#039;, java.version: &#039;11.0.10&#039;
Driver info: driver.version: ChromeDriver
remote stacktrace: Backtrace:
	Ordinal0 [0x00597413+2389011]
	Ordinal0 [0x00529F61+1941345]
	Ordinal0 [0x0041C658+837208]
	Ordinal0 [0x0043C773+968563]
	Ordinal0 [0x0043837A+951162]
	Ordinal0 [0x00435C51+941137]
	Ordinal0 [0x00468C80+1150080]
	Ordinal0 [0x004688DA+1149146]
	Ordinal0 [0x00463F66+1130342]
	Ordinal0 [0x0043E546+976198]
	Ordinal0 [0x0043F456+980054]
	GetHandleVerifier [0x00749632+1727522]
	GetHandleVerifier [0x007FBA4D+2457661]
	GetHandleVerifier [0x0062EB81+569713]
	GetHandleVerifier [0x0062DD76+566118]
	Ordinal0 [0x00530B2B+1968939]
	Ordinal0 [0x00535988+1989000]
	Ordinal0 [0x00535A75+1989237]
	Ordinal0 [0x0053ECB1+2026673]
	BaseThreadInitThunk [0x76936739+25]
	RtlGetFullPathName_UEx [0x779F8FEF+1215]
	RtlGetFullPathName_UEx [0x779F8FBD+1165]
" type="org.openqa.selenium.SessionNotCreatedException">
      <![CDATA[org.openqa.selenium.SessionNotCreatedException: session not created: This version of ChromeDriver only supports Chrome version 100
Current browser version is 102.0.5005.63 with binary path C:\Program Files\Google\Chrome\Application\chrome.exe
Build info: version: '3.141.59', revision: 'e82be7d358', time: '2018-11-14T08:17:03'
System info: host: 'DESKTOP-88991P0', ip: '192.168.18.28', os.name: 'Windows 10', os.arch: 'amd64', os.version: '10.0', java.version: '11.0.10'
Driver info: driver.version: ChromeDriver
remote stacktrace: Backtrace:
Ordinal0 [0x00597413+2389011]
Ordinal0 [0x00529F61+1941345]
Ordinal0 [0x0041C658+837208]
Ordinal0 [0x0043C773+968563]
Ordinal0 [0x0043837A+951162]
Ordinal0 [0x00435C51+941137]
Ordinal0 [0x00468C80+1150080]
Ordinal0 [0x004688DA+1149146]
Ordinal0 [0x00463F66+1130342]
Ordinal0 [0x0043E546+976198]
Ordinal0 [0x0043F456+980054]
GetHandleVerifier [0x00749632+1727522]
GetHandleVerifier [0x007FBA4D+2457661]
GetHandleVerifier [0x0062EB81+569713]
GetHandleVerifier [0x0062DD76+566118]
Ordinal0 [0x00530B2B+1968939]
Ordinal0 [0x00535988+1989000]
Ordinal0 [0x00535A75+1989237]
Ordinal0 [0x0053ECB1+2026673]
BaseThreadInitThunk [0x76936739+25]
RtlGetFullPathName_UEx [0x779F8FEF+1215]
RtlGetFullPathName_UEx [0x779F8FBD+1165]

at java.base/jdk.internal.reflect.NativeConstructorAccessorImpl.newInstance0(Native Method)
at java.base/jdk.internal.reflect.NativeConstructorAccessorImpl.newInstance(NativeConstructorAccessorImpl.java:62)
at java.base/jdk.internal.reflect.DelegatingConstructorAccessorImpl.newInstance(DelegatingConstructorAccessorImpl.java:45)
at java.base/java.lang.reflect.Constructor.newInstance(Constructor.java:490)
at org.openqa.selenium.remote.W3CHandshakeResponse.lambda$errorHandler$0(W3CHandshakeResponse.java:62)
at org.openqa.selenium.remote.HandshakeResponse.lambda$getResponseFunction$0(HandshakeResponse.java:30)
at org.openqa.selenium.remote.ProtocolHandshake.lambda$createSession$0(ProtocolHandshake.java:126)
at java.base/java.util.stream.ReferencePipeline$3$1.accept(ReferencePipeline.java:195)
at java.base/java.util.Spliterators$ArraySpliterator.tryAdvance(Spliterators.java:958)
at java.base/java.util.stream.ReferencePipeline.forEachWithCancel(ReferencePipeline.java:127)
at java.base/java.util.stream.AbstractPipeline.copyIntoWithCancel(AbstractPipeline.java:502)
at java.base/java.util.stream.AbstractPipeline.copyInto(AbstractPipeline.java:488)
at java.base/java.util.stream.AbstractPipeline.wrapAndCopyInto(AbstractPipeline.java:474)
at java.base/java.util.stream.FindOps$FindOp.evaluateSequential(FindOps.java:150)
at java.base/java.util.stream.AbstractPipeline.evaluate(AbstractPipeline.java:234)
at java.base/java.util.stream.ReferencePipeline.findFirst(ReferencePipeline.java:543)
at org.openqa.selenium.remote.ProtocolHandshake.createSession(ProtocolHandshake.java:128)
at org.openqa.selenium.remote.ProtocolHandshake.createSession(ProtocolHandshake.java:74)
at org.openqa.selenium.remote.HttpCommandExecutor.execute(HttpCommandExecutor.java:136)
at org.openqa.selenium.remote.service.DriverCommandExecutor.execute(DriverCommandExecutor.java:83)
at org.openqa.selenium.remote.RemoteWebDriver.execute(RemoteWebDriver.java:552)
at org.openqa.selenium.remote.RemoteWebDriver.startSession(RemoteWebDriver.java:213)
at org.openqa.selenium.remote.RemoteWebDriver.<init>(RemoteWebDriver.java:131)
at org.openqa.selenium.chrome.ChromeDriver.<init>(ChromeDriver.java:181)
at org.openqa.selenium.chrome.ChromeDriver.<init>(ChromeDriver.java:168)
at org.openqa.selenium.chrome.ChromeDriver.<init>(ChromeDriver.java:157)
at drivercapabilities.BaseSel.initializeDriver(BaseSel.java:52)
at webTestCases.clientPanel.promoFlow.Campaign_SaveAs_Draft.initialize(Campaign_SaveAs_Draft.java:28)
at java.base/jdk.internal.reflect.NativeMethodAccessorImpl.invoke0(Native Method)
at java.base/jdk.internal.reflect.NativeMethodAccessorImpl.invoke(NativeMethodAccessorImpl.java:62)
at java.base/jdk.internal.reflect.DelegatingMethodAccessorImpl.invoke(DelegatingMethodAccessorImpl.java:43)
at java.base/java.lang.reflect.Method.invoke(Method.java:566)
at org.testng.internal.MethodInvocationHelper.invokeMethod(MethodInvocationHelper.java:133)
at org.testng.internal.MethodInvocationHelper.invokeMethodConsideringTimeout(MethodInvocationHelper.java:62)
at org.testng.internal.ConfigInvoker.invokeConfigurationMethod(ConfigInvoker.java:385)
at org.testng.internal.ConfigInvoker.invokeConfigurations(ConfigInvoker.java:321)
at org.testng.TestRunner.invokeTestConfigurations(TestRunner.java:637)
at org.testng.TestRunner.beforeRun(TestRunner.java:627)
at org.testng.TestRunner.run(TestRunner.java:589)
at org.testng.SuiteRunner.runTest(SuiteRunner.java:377)
at org.testng.SuiteRunner.runSequentially(SuiteRunner.java:371)
at org.testng.SuiteRunner.privateRun(SuiteRunner.java:332)
at org.testng.SuiteRunner.run(SuiteRunner.java:276)
at org.testng.SuiteRunnerWorker.runSuite(SuiteRunnerWorker.java:53)
at org.testng.SuiteRunnerWorker.run(SuiteRunnerWorker.java:96)
at org.testng.TestNG.runSuitesSequentially(TestNG.java:1212)
at org.testng.TestNG.runSuitesLocally(TestNG.java:1134)
at org.testng.TestNG.runSuites(TestNG.java:1063)
at org.testng.TestNG.run(TestNG.java:1031)
at org.testng.remote.AbstractRemoteTestNG.run(AbstractRemoteTestNG.java:115)
at org.testng.remote.RemoteTestNG.initAndRun(RemoteTestNG.java:251)
at org.testng.remote.RemoteTestNG.main(RemoteTestNG.java:77)
]]>
    </error>
  </testcase> <!-- initialize -->
  <system-out/>
  <testcase classname="webTestCases.clientPanel.promoFlow.Campaign_SaveAs_Draft" name="saveAsDraft" time="0.000">
    <skipped/>
  </testcase> <!-- saveAsDraft -->
  <system-out/>
</testsuite> <!-- webTestCases.clientPanel.promoFlow.Campaign_SaveAs_Draft -->
