<?xml version="1.0" encoding="UTF-8"?>
<!-- Generated by org.testng.reporters.JUnitReportReporter -->
<testsuite hostname="DESKTOP-88991P0" failures="0" tests="2" name="controlPanel.clients.BusinessRegister" time="1.970" errors="1" timestamp="2022-04-04T10:20:03 PKT" skipped="1">
  <testcase classname="controlPanel.clients.BusinessRegister" name="registerBusiness" time="0.000">
    <skipped/>
  </testcase> <!-- registerBusiness -->
  <system-out/>
  <testcase classname="controlPanel.clients.BusinessRegister" name="initialize" time="1.970">
    <error message="session not created: This version of ChromeDriver only supports Chrome version 98
Current browser version is 100.0.4896.60 with binary path C:\Program Files\Google\Chrome\Application\chrome.exe
Build info: version: &#039;3.141.59&#039;, revision: &#039;e82be7d358&#039;, time: &#039;2018-11-14T08:17:03&#039;
System info: host: &#039;DESKTOP-88991P0&#039;, ip: &#039;192.168.18.28&#039;, os.name: &#039;Windows 10&#039;, os.arch: &#039;amd64&#039;, os.version: &#039;10.0&#039;, java.version: &#039;11.0.10&#039;
Driver info: driver.version: ChromeDriver
remote stacktrace: Backtrace:
	Ordinal0 [0x00E269A3+2582947]
	Ordinal0 [0x00DBA6D1+2139857]
	Ordinal0 [0x00CB3A98+1063576]
	Ordinal0 [0x00CD33B8+1192888]
	Ordinal0 [0x00CCF235+1176117]
	Ordinal0 [0x00CCC9E1+1165793]
	Ordinal0 [0x00CFCFFF+1363967]
	Ordinal0 [0x00CFCC2A+1362986]
	Ordinal0 [0x00CF8366+1344358]
	Ordinal0 [0x00CD5176+1200502]
	Ordinal0 [0x00CD6066+1204326]
	GetHandleVerifier [0x00FCBE02+1675858]
	GetHandleVerifier [0x0108036C+2414524]
	GetHandleVerifier [0x00EBBB01+560977]
	GetHandleVerifier [0x00EBA8D3+556323]
	Ordinal0 [0x00DC020E+2163214]
	Ordinal0 [0x00DC5078+2183288]
	Ordinal0 [0x00DC51C0+2183616]
	Ordinal0 [0x00DCEE1C+2223644]
	BaseThreadInitThunk [0x76C46739+25]
	RtlGetFullPathName_UEx [0x77E38E7F+1215]
	RtlGetFullPathName_UEx [0x77E38E4D+1165]
" type="org.openqa.selenium.SessionNotCreatedException">
      <![CDATA[org.openqa.selenium.SessionNotCreatedException: session not created: This version of ChromeDriver only supports Chrome version 98
Current browser version is 100.0.4896.60 with binary path C:\Program Files\Google\Chrome\Application\chrome.exe
Build info: version: '3.141.59', revision: 'e82be7d358', time: '2018-11-14T08:17:03'
System info: host: 'DESKTOP-88991P0', ip: '192.168.18.28', os.name: 'Windows 10', os.arch: 'amd64', os.version: '10.0', java.version: '11.0.10'
Driver info: driver.version: ChromeDriver
remote stacktrace: Backtrace:
Ordinal0 [0x00E269A3+2582947]
Ordinal0 [0x00DBA6D1+2139857]
Ordinal0 [0x00CB3A98+1063576]
Ordinal0 [0x00CD33B8+1192888]
Ordinal0 [0x00CCF235+1176117]
Ordinal0 [0x00CCC9E1+1165793]
Ordinal0 [0x00CFCFFF+1363967]
Ordinal0 [0x00CFCC2A+1362986]
Ordinal0 [0x00CF8366+1344358]
Ordinal0 [0x00CD5176+1200502]
Ordinal0 [0x00CD6066+1204326]
GetHandleVerifier [0x00FCBE02+1675858]
GetHandleVerifier [0x0108036C+2414524]
GetHandleVerifier [0x00EBBB01+560977]
GetHandleVerifier [0x00EBA8D3+556323]
Ordinal0 [0x00DC020E+2163214]
Ordinal0 [0x00DC5078+2183288]
Ordinal0 [0x00DC51C0+2183616]
Ordinal0 [0x00DCEE1C+2223644]
BaseThreadInitThunk [0x76C46739+25]
RtlGetFullPathName_UEx [0x77E38E7F+1215]
RtlGetFullPathName_UEx [0x77E38E4D+1165]

at java.base/jdk.internal.reflect.NativeConstructorAccessorImpl.newInstance0(Native Method)
at java.base/jdk.internal.reflect.NativeConstructorAccessorImpl.newInstance(NativeConstructorAccessorImpl.java:62)
at java.base/jdk.internal.reflect.DelegatingConstructorAccessorImpl.newInstance(DelegatingConstructorAccessorImpl.java:45)
at java.base/java.lang.reflect.Constructor.newInstance(Constructor.java:490)
at org.openqa.selenium.remote.W3CHandshakeResponse.lambda$errorHandler$0(W3CHandshakeResponse.java:62)
at org.openqa.selenium.remote.HandshakeResponse.lambda$getResponseFunction$0(HandshakeResponse.java:30)
at org.openqa.selenium.remote.ProtocolHandshake.lambda$createSession$0(ProtocolHandshake.java:126)
at java.base/java.util.stream.ReferencePipeline$3$1.accept(ReferencePipeline.java:195)
at java.base/java.util.Spliterators$ArraySpliterator.tryAdvance(Spliterators.java:958)
at java.base/java.util.stream.ReferencePipeline.forEachWithCancel(ReferencePipeline.java:127)
at java.base/java.util.stream.AbstractPipeline.copyIntoWithCancel(AbstractPipeline.java:502)
at java.base/java.util.stream.AbstractPipeline.copyInto(AbstractPipeline.java:488)
at java.base/java.util.stream.AbstractPipeline.wrapAndCopyInto(AbstractPipeline.java:474)
at java.base/java.util.stream.FindOps$FindOp.evaluateSequential(FindOps.java:150)
at java.base/java.util.stream.AbstractPipeline.evaluate(AbstractPipeline.java:234)
at java.base/java.util.stream.ReferencePipeline.findFirst(ReferencePipeline.java:543)
at org.openqa.selenium.remote.ProtocolHandshake.createSession(ProtocolHandshake.java:128)
at org.openqa.selenium.remote.ProtocolHandshake.createSession(ProtocolHandshake.java:74)
at org.openqa.selenium.remote.HttpCommandExecutor.execute(HttpCommandExecutor.java:136)
at org.openqa.selenium.remote.service.DriverCommandExecutor.execute(DriverCommandExecutor.java:83)
at org.openqa.selenium.remote.RemoteWebDriver.execute(RemoteWebDriver.java:552)
at org.openqa.selenium.remote.RemoteWebDriver.startSession(RemoteWebDriver.java:213)
at org.openqa.selenium.remote.RemoteWebDriver.<init>(RemoteWebDriver.java:131)
at org.openqa.selenium.chrome.ChromeDriver.<init>(ChromeDriver.java:181)
at org.openqa.selenium.chrome.ChromeDriver.<init>(ChromeDriver.java:168)
at org.openqa.selenium.chrome.ChromeDriver.<init>(ChromeDriver.java:157)
at drivercapabilities.BaseSel.initializeDriver(BaseSel.java:52)
at controlPanel.clients.BusinessRegister.initialize(BusinessRegister.java:23)
at java.base/jdk.internal.reflect.NativeMethodAccessorImpl.invoke0(Native Method)
at java.base/jdk.internal.reflect.NativeMethodAccessorImpl.invoke(NativeMethodAccessorImpl.java:62)
at java.base/jdk.internal.reflect.DelegatingMethodAccessorImpl.invoke(DelegatingMethodAccessorImpl.java:43)
at java.base/java.lang.reflect.Method.invoke(Method.java:566)
at org.testng.internal.MethodInvocationHelper.invokeMethod(MethodInvocationHelper.java:133)
at org.testng.internal.MethodInvocationHelper.invokeMethodConsideringTimeout(MethodInvocationHelper.java:62)
at org.testng.internal.ConfigInvoker.invokeConfigurationMethod(ConfigInvoker.java:385)
at org.testng.internal.ConfigInvoker.invokeConfigurations(ConfigInvoker.java:321)
at org.testng.TestRunner.invokeTestConfigurations(TestRunner.java:637)
at org.testng.TestRunner.beforeRun(TestRunner.java:627)
at org.testng.TestRunner.run(TestRunner.java:589)
at org.testng.SuiteRunner.runTest(SuiteRunner.java:377)
at org.testng.SuiteRunner.runSequentially(SuiteRunner.java:371)
at org.testng.SuiteRunner.privateRun(SuiteRunner.java:332)
at org.testng.SuiteRunner.run(SuiteRunner.java:276)
at org.testng.SuiteRunnerWorker.runSuite(SuiteRunnerWorker.java:53)
at org.testng.SuiteRunnerWorker.run(SuiteRunnerWorker.java:96)
at org.testng.TestNG.runSuitesSequentially(TestNG.java:1212)
at org.testng.TestNG.runSuitesLocally(TestNG.java:1134)
at org.testng.TestNG.runSuites(TestNG.java:1063)
at org.testng.TestNG.run(TestNG.java:1031)
at org.testng.remote.AbstractRemoteTestNG.run(AbstractRemoteTestNG.java:115)
at org.testng.remote.RemoteTestNG.initAndRun(RemoteTestNG.java:251)
at org.testng.remote.RemoteTestNG.main(RemoteTestNG.java:77)
]]>
    </error>
  </testcase> <!-- initialize -->
  <system-out/>
</testsuite> <!-- controlPanel.clients.BusinessRegister -->
