<?xml version="1.0" encoding="UTF-8"?>
<!-- Generated by org.testng.reporters.JUnitXMLReporter -->
<testsuite hostname="Numus-MacBook-Pro-2.local" ignored="0" name="Login Test" tests="3" failures="0" timestamp="2022-06-15T12:19:26 PKT" time="0.119" errors="0">
  <testcase name="@BeforeMethod initialize" time="0.004" classname="webTestCases.controlPanel.Login">
    <failure type="java.io.FileNotFoundException" message="/Users/numuqa/git/AutomationSeleniumAppium\src\main\java\SelResources\data.properties (No such file or directory)">
      <![CDATA[java.io.FileNotFoundException: /Users/numuqa/git/AutomationSeleniumAppium\src\main\java\SelResources\data.properties (No such file or directory)
at java.io.FileInputStream.open0(Native Method)
at java.io.FileInputStream.open(FileInputStream.java:195)
at java.io.FileInputStream.<init>(FileInputStream.java:138)
at java.io.FileInputStream.<init>(FileInputStream.java:93)
at drivercapabilities.BaseSel.initializeDriver(BaseSel.java:27)
at webTestCases.controlPanel.Login.initialize(Login.java:25)
at java.util.ArrayList.forEach(ArrayList.java:1259)
... Removed 31 stack frames]]>
    </failure>
  </testcase> <!-- @BeforeMethod initialize -->
  <testcase name="@AfterMethod teardown" time="-1.655277566214E9" classname="webTestCases.controlPanel.Login">
    <skipped/>
  </testcase> <!-- @AfterMethod teardown -->
  <testcase name="correctCred" time="0.0" classname="webTestCases.controlPanel.Login">
    <skipped/>
  </testcase> <!-- correctCred -->
  <testcase name="invalidCred" time="0.0" classname="webTestCases.controlPanel.Login">
    <skipped/>
  </testcase> <!-- invalidCred -->
  <testcase name="invalidPass" time="0.0" classname="webTestCases.controlPanel.Login">
    <skipped/>
  </testcase> <!-- invalidPass -->
</testsuite> <!-- Login Test -->
