<?xml version="1.0" encoding="UTF-8"?>
<!-- Generated by org.testng.reporters.JUnitXMLReporter -->
<testsuite ignored="0" hostname="DESKTOP-88991P0" failures="0" tests="1" name="Campaign Save as Draft" time="1.236" errors="0" timestamp="2022-06-03T15:11:01 PKT">
  <testcase classname="webTestCases.clientPanel.promoFlow.Campaign_SaveAs_Draft" name="@BeforeTest initialize" time="1.217">
    <failure type="org.openqa.selenium.SessionNotCreatedException" message="session not created: This version of ChromeDriver only supports Chrome version 100
Current browser version is 102.0.5005.63 with binary path C:\Program Files\Google\Chrome\Application\chrome.exe
Build info: version: &amp;apos;3.141.59&amp;apos;, revision: &amp;apos;e82be7d358&amp;apos;, time: &amp;apos;2018-11-14T08:17:03&amp;apos;
System info: host: &amp;apos;DESKTOP-88991P0&amp;apos;, ip: &amp;apos;192.168.18.28&amp;apos;, os.name: &amp;apos;Windows 10&amp;apos;, os.arch: &amp;apos;amd64&amp;apos;, os.version: &amp;apos;10.0&amp;apos;, java.version: &amp;apos;11.0.10&amp;apos;
Driver info: driver.version: ChromeDriver
remote stacktrace: Backtrace:
	Ordinal0 [0x00597413+2389011]
	Ordinal0 [0x00529F61+1941345]
	Ordinal0 [0x0041C658+837208]
	Ordinal0 [0x0043C773+968563]
	Ordinal0 [0x0043837A+951162]
	Ordinal0 [0x00435C51+941137]
	Ordinal0 [0x00468C80+1150080]
	Ordinal0 [0x004688DA+1149146]
	Ordinal0 [0x00463F66+1130342]
	Ordinal0 [0x0043E546+976198]
	Ordinal0 [0x0043F456+980054]
	GetHandleVerifier [0x00749632+1727522]
	GetHandleVerifier [0x007FBA4D+2457661]
	GetHandleVerifier [0x0062EB81+569713]
	GetHandleVerifier [0x0062DD76+566118]
	Ordinal0 [0x00530B2B+1968939]
	Ordinal0 [0x00535988+1989000]
	Ordinal0 [0x00535A75+1989237]
	Ordinal0 [0x0053ECB1+2026673]
	BaseThreadInitThunk [0x76936739+25]
	RtlGetFullPathName_UEx [0x779F8FEF+1215]
	RtlGetFullPathName_UEx [0x779F8FBD+1165]
">
      <![CDATA[org.openqa.selenium.SessionNotCreatedException: session not created: This version of ChromeDriver only supports Chrome version 100
Current browser version is 102.0.5005.63 with binary path C:\Program Files\Google\Chrome\Application\chrome.exe
Build info: version: '3.141.59', revision: 'e82be7d358', time: '2018-11-14T08:17:03'
System info: host: 'DESKTOP-88991P0', ip: '192.168.18.28', os.name: 'Windows 10', os.arch: 'amd64', os.version: '10.0', java.version: '11.0.10'
Driver info: driver.version: ChromeDriver
remote stacktrace: Backtrace:
Ordinal0 [0x00597413+2389011]
Ordinal0 [0x00529F61+1941345]
Ordinal0 [0x0041C658+837208]
Ordinal0 [0x0043C773+968563]
Ordinal0 [0x0043837A+951162]
Ordinal0 [0x00435C51+941137]
Ordinal0 [0x00468C80+1150080]
Ordinal0 [0x004688DA+1149146]
Ordinal0 [0x00463F66+1130342]
Ordinal0 [0x0043E546+976198]
Ordinal0 [0x0043F456+980054]
GetHandleVerifier [0x00749632+1727522]
GetHandleVerifier [0x007FBA4D+2457661]
GetHandleVerifier [0x0062EB81+569713]
GetHandleVerifier [0x0062DD76+566118]
Ordinal0 [0x00530B2B+1968939]
Ordinal0 [0x00535988+1989000]
Ordinal0 [0x00535A75+1989237]
Ordinal0 [0x0053ECB1+2026673]
BaseThreadInitThunk [0x76936739+25]
RtlGetFullPathName_UEx [0x779F8FEF+1215]
RtlGetFullPathName_UEx [0x779F8FBD+1165]

at org.openqa.selenium.remote.W3CHandshakeResponse.lambda$errorHandler$0(W3CHandshakeResponse.java:62)
at org.openqa.selenium.remote.HandshakeResponse.lambda$getResponseFunction$0(HandshakeResponse.java:30)
at org.openqa.selenium.remote.ProtocolHandshake.lambda$createSession$0(ProtocolHandshake.java:126)
at java.base/java.util.stream.ReferencePipeline$3$1.accept(ReferencePipeline.java:195)
at java.base/java.util.Spliterators$ArraySpliterator.tryAdvance(Spliterators.java:958)
at java.base/java.util.stream.ReferencePipeline.forEachWithCancel(ReferencePipeline.java:127)
at java.base/java.util.stream.AbstractPipeline.copyIntoWithCancel(AbstractPipeline.java:502)
at java.base/java.util.stream.AbstractPipeline.copyInto(AbstractPipeline.java:488)
at java.base/java.util.stream.AbstractPipeline.wrapAndCopyInto(AbstractPipeline.java:474)
at java.base/java.util.stream.FindOps$FindOp.evaluateSequential(FindOps.java:150)
at java.base/java.util.stream.AbstractPipeline.evaluate(AbstractPipeline.java:234)
at java.base/java.util.stream.ReferencePipeline.findFirst(ReferencePipeline.java:543)
at org.openqa.selenium.remote.ProtocolHandshake.createSession(ProtocolHandshake.java:128)
at org.openqa.selenium.remote.ProtocolHandshake.createSession(ProtocolHandshake.java:74)
at org.openqa.selenium.remote.HttpCommandExecutor.execute(HttpCommandExecutor.java:136)
at org.openqa.selenium.remote.service.DriverCommandExecutor.execute(DriverCommandExecutor.java:83)
at org.openqa.selenium.remote.RemoteWebDriver.execute(RemoteWebDriver.java:552)
at org.openqa.selenium.remote.RemoteWebDriver.startSession(RemoteWebDriver.java:213)
at org.openqa.selenium.remote.RemoteWebDriver.<init>(RemoteWebDriver.java:131)
at org.openqa.selenium.chrome.ChromeDriver.<init>(ChromeDriver.java:181)
at org.openqa.selenium.chrome.ChromeDriver.<init>(ChromeDriver.java:168)
at org.openqa.selenium.chrome.ChromeDriver.<init>(ChromeDriver.java:157)
at drivercapabilities.BaseSel.initializeDriver(BaseSel.java:52)
at webTestCases.clientPanel.promoFlow.Campaign_SaveAs_Draft.initialize(Campaign_SaveAs_Draft.java:28)
... Removed 28 stack frames]]>
    </failure>
  </testcase> <!-- @BeforeTest initialize -->
  <testcase classname="webTestCases.clientPanel.promoFlow.Campaign_SaveAs_Draft" name="@AfterTest tearDown" time="-1.65425106194E9">
    <skipped/>
  </testcase> <!-- @AfterTest tearDown -->
  <testcase classname="webTestCases.clientPanel.promoFlow.Campaign_SaveAs_Draft" name="saveAsDraft" time="0.0">
    <skipped/>
  </testcase> <!-- saveAsDraft -->
</testsuite> <!-- Campaign Save as Draft -->
